<?xml version="1.0" encoding="UTF-8"?>
<!-- Generated by org.testng.reporters.JUnitReportReporter -->
<testsuite hostname="WKS-CSD-ITCG01" name="com.example.tests.AlsoGroupCreationTests" tests="2" failures="0" timestamp="2 Sep 2015 13:50:37 GMT" time="4.381" errors="0">
  <testcase name="testNonEmptyGroupCreation" time="2.150" classname="com.example.tests.AlsoGroupCreationTests"/>
  <testcase name="testEmptyGroupCreation" time="2.231" classname="com.example.tests.AlsoGroupCreationTests"/>
</testsuite> <!-- com.example.tests.AlsoGroupCreationTests -->
