<?xml version="1.0" encoding="UTF-8"?>
<!-- Generated by org.testng.reporters.JUnitReportReporter -->
<testsuite hostname="WKS-CSD-ITCG01" name="com.example.tests.GroupCreationTests" tests="2" failures="0" timestamp="1 Sep 2015 16:02:39 GMT" time="4.544" errors="0">
  <testcase name="testEmptyGroupCreation" time="2.040" classname="com.example.tests.GroupCreationTests"/>
  <testcase name="testNonEmptyGroupCreation" time="2.504" classname="com.example.tests.GroupCreationTests"/>
</testsuite> <!-- com.example.tests.GroupCreationTests -->
