<?xml version="1.0" encoding="UTF-8"?>
<!-- Generated by org.testng.reporters.JUnitReportReporter -->
<testsuite hostname="WKS-CSD-ITCG01" name="com.example.tests.GroupCreationTests" tests="2" failures="0" timestamp="4 Sep 2015 14:00:13 GMT" time="4.587" errors="0">
  <testcase name="testNonEmptyGroupCreation" time="2.310" classname="com.example.tests.GroupCreationTests"/>
  <testcase name="testEmptyGroupCreation" time="2.277" classname="com.example.tests.GroupCreationTests"/>
</testsuite> <!-- com.example.tests.GroupCreationTests -->
