<?xml version="1.0" encoding="UTF-8"?>
<!-- Generated by org.testng.reporters.JUnitReportReporter -->
<testsuite hostname="WKS-CSD-ITCG01" name="com.example.tests.ContactRemovalTests" tests="1" failures="0" timestamp="4 Sep 2015 13:58:27 GMT" time="1.551" errors="0">
  <testcase name="deleteSomeContact" time="1.551" classname="com.example.tests.ContactRemovalTests"/>
</testsuite> <!-- com.example.tests.ContactRemovalTests -->
