<?xml version="1.0" encoding="UTF-8"?>
<!-- Generated by org.testng.reporters.JUnitReportReporter -->
<testsuite hostname="WKS-CSD-ITCG01" name="com.example.tests.ContactModificationTests" tests="1" failures="0" timestamp="4 Sep 2015 13:58:06 GMT" time="2.251" errors="0">
  <testcase name="modifySomeContact" time="2.251" classname="com.example.tests.ContactModificationTests"/>
</testsuite> <!-- com.example.tests.ContactModificationTests -->
