<?xml version="1.0" encoding="UTF-8"?>
<!-- Generated by org.testng.reporters.JUnitReportReporter -->
<testsuite hostname="WKS-CSD-ITCG01" name="com.example.tests.ContactCreationTests" tests="2" failures="0" timestamp="3 Sep 2015 13:51:11 GMT" time="4.392" errors="0">
  <testcase name="testEmptyContactCreation" time="2.155" classname="com.example.tests.ContactCreationTests"/>
  <testcase name="testNonEmptyContactCreation" time="2.237" classname="com.example.tests.ContactCreationTests"/>
</testsuite> <!-- com.example.tests.ContactCreationTests -->
