<?xml version="1.0" encoding="UTF-8"?>
<!-- Generated by org.testng.reporters.JUnitReportReporter -->
<testsuite hostname="WKS-CSD-ITCG01" name="com.example.tests.GroupCreationTests" tests="2" failures="0" timestamp="3 Sep 2015 13:44:05 GMT" time="4.348" errors="0">
  <testcase name="testNonEmptyGroupCreation" time="2.018" classname="com.example.tests.GroupCreationTests"/>
  <testcase name="testEmptyGroupCreation" time="2.330" classname="com.example.tests.GroupCreationTests"/>
</testsuite> <!-- com.example.tests.GroupCreationTests -->
