<?xml version="1.0" encoding="UTF-8"?>
<!-- Generated by org.testng.reporters.JUnitReportReporter -->
<testsuite hostname="WKS-CSD-ITCG01" name="com.example.tests.GroupModificationTests" tests="1" failures="0" timestamp="4 Sep 2015 13:59:20 GMT" time="2.313" errors="0">
  <testcase name="modifySomeGroup" time="2.313" classname="com.example.tests.GroupModificationTests"/>
</testsuite> <!-- com.example.tests.GroupModificationTests -->
