<?xml version="1.0" encoding="UTF-8"?>
<!-- Generated by org.testng.reporters.JUnitReportReporter -->
<testsuite hostname="WKS-CSD-ITCG01" name="com.example.tests.AlsoGroupCreationTests" tests="2" failures="0" timestamp="1 Sep 2015 16:02:39 GMT" time="4.706" errors="0">
  <testcase name="testNonEmptyGroupCreation" time="2.272" classname="com.example.tests.AlsoGroupCreationTests"/>
  <testcase name="testEmptyGroupCreation" time="2.434" classname="com.example.tests.AlsoGroupCreationTests"/>
</testsuite> <!-- com.example.tests.AlsoGroupCreationTests -->
