<?xml version="1.0" encoding="UTF-8"?>
<!-- Generated by org.testng.reporters.JUnitReportReporter -->
<testsuite hostname="WKS-CSD-ITCG01" name="com.example.tests.ContactCreationTests" tests="2" failures="0" timestamp="4 Sep 2015 13:57:32 GMT" time="3.930" errors="0">
  <testcase name="testNonEmptyContactCreation" time="2.346" classname="com.example.tests.ContactCreationTests"/>
  <testcase name="testEmptyContactCreation" time="1.584" classname="com.example.tests.ContactCreationTests"/>
</testsuite> <!-- com.example.tests.ContactCreationTests -->
