<?xml version="1.0" encoding="UTF-8"?>
<!-- Generated by org.testng.reporters.JUnitReportReporter -->
<testsuite hostname="WKS-CSD-ITCG01" name="com.example.tests.GroupRemovalTests" tests="1" failures="0" timestamp="3 Sep 2015 13:48:43 GMT" time="1.819" errors="0">
  <testcase name="deleteSomeGroup" time="1.819" classname="com.example.tests.GroupRemovalTests"/>
</testsuite> <!-- com.example.tests.GroupRemovalTests -->
